<?xml version="1.0" encoding="UTF-8"?>
<!-- Generated by org.testng.reporters.JUnitXMLReporter -->
<testsuite ignored="0" hostname="Shreyanvi" failures="1" tests="1" name="Test(failed)" time="13.18" errors="0" timestamp="2024-02-19T19:12:47 IST">
  <testcase classname="testCases.TC001_RegistrationTestCase" name="verify_register_account" time="8.484">
    <failure type="java.lang.AssertionError" message="expected [Account Created Successfully!!@] but found [Account Created Successfully]">
      <![CDATA[java.lang.AssertionError: expected [Account Created Successfully!!@] but found [Account Created Successfully]
at testCases.TC001_RegistrationTestCase.verify_register_account(TC001_RegistrationTestCase.java:62)
at java.base/java.util.ArrayList.forEach(ArrayList.java:1541)
... Removed 33 stack frames]]>
    </failure>
  </testcase> <!-- verify_register_account -->
</testsuite> <!-- Test(failed) -->
